Command: /home/user/anaconda3/envs/flowr_root/bin/python -m flowr.gen.generate_from_pdb --pdb_file /home/user/SBProbMol3_1/database/proteins/3rfm.pdb --ligand_file /home/user/SBProbMol3_1/database/ligands/3rfm_B_CFF.sdf --arch pocket --pocket_type holo --cut_pocket --pocket_cutoff 7 --gpus 1 --num_workers 12 --batch_cost 20 --ckpt_path /home/user/flowr_root_v2.ckpt --save_dir /home/user/SBProbMol3_1/database/diffsbdd/47aad5e3-6018-4043-9e11-b0d4e570b8dc --max_sample_iter 20 --coord_noise_scale 0.1 --sample_n_molecules_per_target 1 --categorical_strategy uniform-sample --filter_valid_unique --filter_diversity --diversity_threshold 0.7 --integration_steps 10
/home/user/anaconda3/envs/flowr_root/lib/python3.12/site-packages/prolif/datafiles.py:3: UserWarning: pkg_resources is deprecated as an API. See https://setuptools.pypa.io/en/latest/pkg_resources.html. The pkg_resources package is slated for removal as early as 2025-11-30. Refrain from using this package or pin to Setuptools<81.
  from pkg_resources import resource_filename
/home/user/anaconda3/envs/flowr_root/lib/python3.12/site-packages/MDAnalysis/topology/tables.py:52: DeprecationWarning: Deprecated in version 2.8.0
MDAnalysis.topology.tables has been moved to MDAnalysis.guesser.tables. This import point will be removed in MDAnalysis version 3.0.0
  warnings.warn(wmsg, category=DeprecationWarning)
<frozen importlib._bootstrap>:488: DeprecationWarning: builtin type SwigPyPacked has no __module__ attribute
<frozen importlib._bootstrap>:488: DeprecationWarning: builtin type SwigPyObject has no __module__ attribute
<frozen importlib._bootstrap>:488: DeprecationWarning: builtin type swigvarlink has no __module__ attribute
/home/user/anaconda3/envs/flowr_root/lib/python3.12/site-packages/Bio/pairwise2.py:278: BiopythonDeprecationWarning: Bio.pairwise2 has been deprecated, and we intend to remove it in a future release of Biopython. As an alternative, please consider using Bio.Align.PairwiseAligner as a replacement, and contact the Biopython developers if you still need the Bio.pairwise2 module.
  warnings.warn(
[16:18:18] Warning: molecule is tagged as 2D, but at least one Z coordinate is not zero. Marking the mol as 3D.
Seed set to 42
Using model stored at /home/user/flowr_root_v2.ckpt
Loading model...
Building model vocabs...
Vocabs complete.
Loading pretrained checkpoint from /home/user/flowr_root_v2.ckpt...
Done.
Model complete.

Starting sampling...

...Sampling iteration 1...Sampling:   0%|          | 0/1 [00:00<?, ?it/s][16:18:23] Explicit valence for atom # 0 C, 5, is greater than permitted
                                               Traceback (most recent call last):
  File "<frozen runpy>", line 198, in _run_module_as_main
  File "<frozen runpy>", line 88, in _run_code
  File "/home/user/flowr_root/flowr/gen/generate_from_pdb.py", line 629, in <module>
    evaluate(args)
  File "/home/user/flowr_root/flowr/gen/generate_from_pdb.py", line 214, in evaluate
    print(f"Diversity rate: {round(len(all_gen_ligs) / n_ligands, 2)}")
                                   ~~~~~~~~~~~~~~~~~~^~~~~~~~~~~
ZeroDivisionError: division by zero
Failed to sanitize molecule: Explicit valence for atom # 0 C, 5, is greater than permitted. Returning None and potentially correcting downstream.
Validity rate: 0.0
Uniqueness rate: 0.0
